0 info it worked if it ends with ok
1 verbose cli [ 'D:\\program\\nodejs\\\\node.exe',
1 verbose cli   'D:\\program\\nodejs\\node_modules\\npm\\bin\\npm-cli.js',
1 verbose cli   'start' ]
2 info using npm@2.1.18
3 info using node@v0.10.32
4 verbose node symlink D:\program\nodejs\\node.exe
5 verbose stack Error: missing script: start
5 verbose stack     at run (D:\program\nodejs\node_modules\npm\lib\run-script.js:130:19)
5 verbose stack     at D:\program\nodejs\node_modules\npm\lib\run-script.js:81:5
5 verbose stack     at D:\program\nodejs\node_modules\npm\node_modules\read-package-json\read-json.js:51:40
5 verbose stack     at final (D:\program\nodejs\node_modules\npm\node_modules\read-package-json\read-json.js:349:17)
5 verbose stack     at then (D:\program\nodejs\node_modules\npm\node_modules\read-package-json\read-json.js:126:33)
5 verbose stack     at D:\program\nodejs\node_modules\npm\node_modules\read-package-json\read-json.js:266:40
5 verbose stack     at evalmachine.<anonymous>:271:14
5 verbose stack     at D:\program\nodejs\node_modules\npm\node_modules\graceful-fs\graceful-fs.js:102:5
5 verbose stack     at Object.oncomplete (evalmachine.<anonymous>:107:15)
6 verbose cwd C:\Users\stephane\Documents\GitHub\zoli-ngbp
7 error Windows_NT 6.1.7601
8 error argv "D:\\program\\nodejs\\\\node.exe" "D:\\program\\nodejs\\node_modules\\npm\\bin\\npm-cli.js" "start"
9 error node v0.10.32
10 error npm  v2.1.18
11 error missing script: start
12 error If you need help, you may report this error at:
12 error     <http://github.com/npm/npm/issues>
13 verbose exit [ 1, true ]
